mode: atomic
github.com/skunkworxs/nm-registry/registry.go:29.51,34.2 3 8
github.com/skunkworxs/nm-registry/registry.go:37.49,42.2 3 2
github.com/skunkworxs/nm-registry/registry.go:45.55,51.2 4 21
github.com/skunkworxs/nm-registry/registry.go:53.58,55.16 2 9
github.com/skunkworxs/nm-registry/registry.go:59.2,60.16 2 8
github.com/skunkworxs/nm-registry/registry.go:64.2,65.16 2 5
github.com/skunkworxs/nm-registry/registry.go:69.2,69.32 1 2
github.com/skunkworxs/nm-registry/registry.go:55.16,57.3 1 1
github.com/skunkworxs/nm-registry/registry.go:60.16,62.3 1 3
github.com/skunkworxs/nm-registry/registry.go:65.16,67.3 1 3
github.com/skunkworxs/nm-registry/registry.go:73.57,77.2 1 0
github.com/skunkworxs/nm-registry/registry.go:80.61,84.2 1 0
github.com/skunkworxs/nm-registry/registry.go:87.61,92.14 3 19
github.com/skunkworxs/nm-registry/registry.go:99.2,100.41 2 16
github.com/skunkworxs/nm-registry/registry.go:108.2,109.16 2 16
github.com/skunkworxs/nm-registry/registry.go:113.2,113.17 1 13
github.com/skunkworxs/nm-registry/registry.go:124.2,125.16 2 9
github.com/skunkworxs/nm-registry/registry.go:131.2,132.16 2 2
github.com/skunkworxs/nm-registry/registry.go:137.2,137.92 1 2
github.com/skunkworxs/nm-registry/registry.go:92.14,94.3 1 3
github.com/skunkworxs/nm-registry/registry.go:100.41,102.3 1 3
github.com/skunkworxs/nm-registry/registry.go:102.3,105.3 2 13
github.com/skunkworxs/nm-registry/registry.go:109.16,112.3 2 3
github.com/skunkworxs/nm-registry/registry.go:113.17,114.38 1 13
github.com/skunkworxs/nm-registry/registry.go:114.38,115.30 1 4
github.com/skunkworxs/nm-registry/registry.go:115.30,118.5 1 4
github.com/skunkworxs/nm-registry/registry.go:125.16,128.3 2 7
github.com/skunkworxs/nm-registry/registry.go:132.16,135.3 2 0
github.com/skunkworxs/nm-registry/registry.go:141.89,167.2 2 2
github.com/skunkworxs/nm-registry/registry.go:170.87,176.16 3 10
github.com/skunkworxs/nm-registry/registry.go:180.2,184.16 3 9
github.com/skunkworxs/nm-registry/registry.go:188.2,195.15 6 9
github.com/skunkworxs/nm-registry/registry.go:176.16,179.3 2 1
github.com/skunkworxs/nm-registry/registry.go:184.16,187.3 2 0
github.com/skunkworxs/nm-registry/registry.go:199.28,201.6 1 6
github.com/skunkworxs/nm-registry/registry.go:201.6,202.10 1 12
github.com/skunkworxs/nm-registry/registry.go:203.3,203.18 0 6
github.com/skunkworxs/nm-registry/registry.go:204.3,207.10 3 6
github.com/skunkworxs/nm-registry/registry.go:213.26,226.2 8 6
github.com/skunkworxs/nm-registry/registry.go:229.27,237.2 5 6
