mode: atomic
github.com/skunkworxs/nm-rackhd/watcher/watcher.go:20.106,23.16 3 7
github.com/skunkworxs/nm-rackhd/watcher/watcher.go:27.2,30.15 4 6
github.com/skunkworxs/nm-rackhd/watcher/watcher.go:23.16,26.3 2 1
github.com/skunkworxs/nm-rackhd/watcher/watcher.go:35.63,37.16 2 3
github.com/skunkworxs/nm-rackhd/watcher/watcher.go:41.2,42.32 2 2
github.com/skunkworxs/nm-rackhd/watcher/watcher.go:46.2,46.23 1 2
github.com/skunkworxs/nm-rackhd/watcher/watcher.go:37.16,40.3 2 1
github.com/skunkworxs/nm-rackhd/watcher/watcher.go:42.32,45.3 2 2
github.com/skunkworxs/nm-rackhd/watcher/watcher.go:50.86,52.16 2 5
github.com/skunkworxs/nm-rackhd/watcher/watcher.go:56.2,56.21 1 3
github.com/skunkworxs/nm-rackhd/watcher/watcher.go:52.16,55.3 2 2
